<?xml version="1.0" encoding="UTF-8"?>
<testsuite xmlns:xsi="http://www.w3.org/2001/XMLSchema-instance" xsi:noNamespaceSchemaLocation="https://maven.apache.org/surefire/maven-surefire-plugin/xsd/surefire-test-report-3.0.xsd" version="3.0" name="com.bookstore.user.controller.UserControllerTest" time="4.867" tests="7" errors="0" skipped="0" failures="0">
  <properties>
[...]
</properties>
  <testcase name="getAllUsers_ShouldReturnUserList" classname="com.bookstore.user.controller.UserControllerTest" time="4.319">
    <system-out><![CDATA[00:27:41.984 [main] INFO org.hibernate.validator.internal.util.Version -- HV000001: Hibernate Validator 8.0.2.Final
00:27:44.261 [main] INFO org.springframework.mock.web.MockServletContext -- Initializing Spring TestDispatcherServlet ''
00:27:44.274 [main] INFO org.springframework.test.web.servlet.TestDispatcherServlet -- Initializing Servlet ''
00:27:44.291 [main] INFO org.springframework.test.web.servlet.TestDispatcherServlet -- Completed initialization in 12 ms
]]></system-out>
  </testcase>
  <testcase name="verifyUser_ShouldReturnOk" classname="com.bookstore.user.controller.UserControllerTest" time="0.066">
    <system-out><![CDATA[00:27:44.906 [main] INFO org.springframework.mock.web.MockServletContext -- Initializing Spring TestDispatcherServlet ''
00:27:44.906 [main] INFO org.springframework.test.web.servlet.TestDispatcherServlet -- Initializing Servlet ''
00:27:44.907 [main] INFO org.springframework.test.web.servlet.TestDispatcherServlet -- Completed initialization in 1 ms
]]></system-out>
  </testcase>
  <testcase name="createUser_ShouldReturnCreatedUser" classname="com.bookstore.user.controller.UserControllerTest" time="0.284">
    <system-out><![CDATA[00:27:44.955 [main] INFO org.springframework.mock.web.MockServletContext -- Initializing Spring TestDispatcherServlet ''
00:27:44.956 [main] INFO org.springframework.test.web.servlet.TestDispatcherServlet -- Initializing Servlet ''
00:27:44.956 [main] INFO org.springframework.test.web.servlet.TestDispatcherServlet -- Completed initialization in 0 ms
]]></system-out>
  </testcase>
  <testcase name="getUserDetails_ShouldReturnUserDetails" classname="com.bookstore.user.controller.UserControllerTest" time="0.029">
    <system-out><![CDATA[00:27:45.236 [main] INFO org.springframework.mock.web.MockServletContext -- Initializing Spring TestDispatcherServlet ''
00:27:45.236 [main] INFO org.springframework.test.web.servlet.TestDispatcherServlet -- Initializing Servlet ''
00:27:45.237 [main] INFO org.springframework.test.web.servlet.TestDispatcherServlet -- Completed initialization in 0 ms
]]></system-out>
  </testcase>
  <testcase name="validateCredentials_ShouldReturnValidatedUser" classname="com.bookstore.user.controller.UserControllerTest" time="0.055">
    <system-out><![CDATA[00:27:45.269 [main] INFO org.springframework.mock.web.MockServletContext -- Initializing Spring TestDispatcherServlet ''
00:27:45.269 [main] INFO org.springframework.test.web.servlet.TestDispatcherServlet -- Initializing Servlet ''
00:27:45.269 [main] INFO org.springframework.test.web.servlet.TestDispatcherServlet -- Completed initialization in 0 ms
]]></system-out>
  </testcase>
  <testcase name="getUserById_ShouldReturnUserDetails" classname="com.bookstore.user.controller.UserControllerTest" time="0.045">
    <system-out><![CDATA[00:27:45.336 [main] INFO org.springframework.mock.web.MockServletContext -- Initializing Spring TestDispatcherServlet ''
00:27:45.336 [main] INFO org.springframework.test.web.servlet.TestDispatcherServlet -- Initializing Servlet ''
00:27:45.336 [main] INFO org.springframework.test.web.servlet.TestDispatcherServlet -- Completed initialization in 0 ms
]]></system-out>
  </testcase>
  <testcase name="helloWorld_ShouldReturnHelloWorld" classname="com.bookstore.user.controller.UserControllerTest" time="0.034">
    <system-out><![CDATA[00:27:45.374 [main] INFO org.springframework.mock.web.MockServletContext -- Initializing Spring TestDispatcherServlet ''
00:27:45.374 [main] INFO org.springframework.test.web.servlet.TestDispatcherServlet -- Initializing Servlet ''
00:27:45.375 [main] INFO org.springframework.test.web.servlet.TestDispatcherServlet -- Completed initialization in 0 ms
]]></system-out>
  </testcase>
</testsuite>